# JRE version: OpenJDK Runtime Environment Zulu13.52+15-CA (13.0.13+5) (build 13.0.13+5-MTS)
# Java VM: OpenJDK 64-Bit Server VM Zulu13.52+15-CA (13.0.13+5-MTS, mixed mode, sharing, tiered, compressed oops, g1 gc, windows-amd64)
Heap:
 garbage-first heap   total 154624K, used 66197K [0x0000000702a00000, 0x0000000800000000)
  region size 1024K, 47 young (48128K), 2 survivors (2048K)
 Metaspace       used 50028K, capacity 51238K, committed 51484K, reserved 1093632K
  class space    used 6706K, capacity 7183K, committed 7276K, reserved 1048576K
GC Heap History (20 events):
Event: 1.897 GC heap before
{Heap before GC invocations=3 (full 0):
 garbage-first heap   total 48128K, used 33486K [0x0000000702a00000, 0x0000000800000000)
  region size 1024K, 30 young (30720K), 9 survivors (9216K)
 Metaspace       used 22305K, capacity 23053K, committed 23344K, reserved 1069056K
  class space    used 2858K, capacity 3144K, committed 3200K, reserved 1048576K
}
Event: 1.904 GC heap after
{Heap after GC invocations=4 (full 0):
 garbage-first heap   total 48128K, used 12755K [0x0000000702a00000, 0x0000000800000000)
  region size 1024K, 2 young (2048K), 2 survivors (2048K)
 Metaspace       used 22305K, capacity 23053K, committed 23344K, reserved 1069056K
  class space    used 2858K, capacity 3144K, committed 3200K, reserved 1048576K
}
Event: 2.253 GC heap before
{Heap before GC invocations=4 (full 0):
 garbage-first heap   total 48128K, used 33235K [0x0000000702a00000, 0x0000000800000000)
  region size 1024K, 22 young (22528K), 2 survivors (2048K)
 Metaspace       used 24294K, capacity 25118K, committed 25136K, reserved 1071104K
  class space    used 3129K, capacity 3444K, committed 3456K, reserved 1048576K
}
Event: 2.255 GC heap after
{Heap after GC invocations=5 (full 0):
 garbage-first heap   total 48128K, used 13483K [0x0000000702a00000, 0x0000000800000000)
  region size 1024K, 3 young (3072K), 3 survivors (3072K)
 Metaspace       used 24294K, capacity 25118K, committed 25136K, reserved 1071104K
  class space    used 3129K, capacity 3444K, committed 3456K, reserved 1048576K
}
Event: 2.594 GC heap before
{Heap before GC invocations=5 (full 0):
 garbage-first heap   total 48128K, used 33963K [0x0000000702a00000, 0x0000000800000000)
  region size 1024K, 23 young (23552K), 3 survivors (3072K)
 Metaspace       used 26982K, capacity 27935K, committed 28208K, reserved 1073152K
  class space    used 3505K, capacity 3861K, committed 3968K, reserved 1048576K
}
Event: 2.597 GC heap after
{Heap after GC invocations=6 (full 0):
 garbage-first heap   total 48128K, used 14944K [0x0000000702a00000, 0x0000000800000000)
  region size 1024K, 3 young (3072K), 3 survivors (3072K)
 Metaspace       used 26982K, capacity 27935K, committed 28208K, reserved 1073152K
  class space    used 3505K, capacity 3861K, committed 3968K, reserved 1048576K
}
Event: 3.037 GC heap before
{Heap before GC invocations=6 (full 0):
 garbage-first heap   total 48128K, used 35424K [0x0000000702a00000, 0x0000000800000000)
  region size 1024K, 23 young (23552K), 3 survivors (3072K)
 Metaspace       used 30077K, capacity 31117K, committed 31408K, reserved 1077248K
  class space    used 3882K, capacity 4282K, committed 4352K, reserved 1048576K
}
Event: 3.040 GC heap after
{Heap after GC invocations=7 (full 0):
 garbage-first heap   total 48128K, used 16550K [0x0000000702a00000, 0x0000000800000000)
  region size 1024K, 2 young (2048K), 2 survivors (2048K)
 Metaspace       used 30077K, capacity 31117K, committed 31408K, reserved 1077248K
  class space    used 3882K, capacity 4282K, committed 4352K, reserved 1048576K
}
Event: 3.356 GC heap before
{Heap before GC invocations=7 (full 0):
 garbage-first heap   total 48128K, used 36006K [0x0000000702a00000, 0x0000000800000000)
  region size 1024K, 21 young (21504K), 2 survivors (2048K)
 Metaspace       used 31306K, capacity 32336K, committed 32560K, reserved 1077248K
  class space    used 4017K, capacity 4430K, committed 4480K, reserved 1048576K
}
Event: 3.360 GC heap after
{Heap after GC invocations=8 (full 0):
 garbage-first heap   total 48128K, used 17154K [0x0000000702a00000, 0x0000000800000000)
  region size 1024K, 3 young (3072K), 3 survivors (3072K)
 Metaspace       used 31306K, capacity 32336K, committed 32560K, reserved 1077248K
  class space    used 4017K, capacity 4430K, committed 4480K, reserved 1048576K
}
Event: 3.805 GC heap before
{Heap before GC invocations=8 (full 0):
 garbage-first heap   total 48128K, used 36610K [0x0000000702a00000, 0x0000000800000000)
  region size 1024K, 22 young (22528K), 3 survivors (3072K)
 Metaspace       used 33963K, capacity 35090K, committed 35248K, reserved 1079296K
  class space    used 4394K, capacity 4837K, committed 4864K, reserved 1048576K
}
Event: 3.808 GC heap after
{Heap after GC invocations=9 (full 0):
 garbage-first heap   total 48128K, used 17885K [0x0000000702a00000, 0x0000000800000000)
  region size 1024K, 2 young (2048K), 2 survivors (2048K)
 Metaspace       used 33963K, capacity 35090K, committed 35248K, reserved 1079296K
  class space    used 4394K, capacity 4837K, committed 4864K, reserved 1048576K
}
Event: 3.895 GC heap before
{Heap before GC invocations=9 (full 0):
 garbage-first heap   total 48128K, used 24029K [0x0000000702a00000, 0x0000000800000000)
  region size 1024K, 9 young (9216K), 2 survivors (2048K)
 Metaspace       used 34768K, capacity 35840K, committed 35888K, reserved 1081344K
  class space    used 4539K, capacity 4979K, committed 4992K, reserved 1048576K
}
Event: 3.898 GC heap after
{Heap after GC invocations=10 (full 0):
 garbage-first heap   total 48128K, used 18011K [0x0000000702a00000, 0x0000000800000000)
  region size 1024K, 2 young (2048K), 2 survivors (2048K)
 Metaspace       used 34768K, capacity 35840K, committed 35888K, reserved 1081344K
  class space    used 4539K, capacity 4979K, committed 4992K, reserved 1048576K
}
Event: 4.466 GC heap before
{Heap before GC invocations=11 (full 0):
 garbage-first heap   total 48128K, used 34395K [0x0000000702a00000, 0x0000000800000000)
  region size 1024K, 19 young (19456K), 2 survivors (2048K)
 Metaspace       used 39485K, capacity 40614K, committed 40732K, reserved 1085440K
  class space    used 5206K, capacity 5632K, committed 5740K, reserved 1048576K
}
Event: 4.470 GC heap after
{Heap after GC invocations=12 (full 0):
 garbage-first heap   total 48128K, used 19350K [0x0000000702a00000, 0x0000000800000000)
  region size 1024K, 3 young (3072K), 3 survivors (3072K)
 Metaspace       used 39485K, capacity 40614K, committed 40732K, reserved 1085440K
  class space    used 5206K, capacity 5632K, committed 5740K, reserved 1048576K
}
Event: 4.718 GC heap before
{Heap before GC invocations=12 (full 0):
 garbage-first heap   total 48128K, used 34710K [0x0000000702a00000, 0x0000000800000000)
  region size 1024K, 19 young (19456K), 3 survivors (3072K)
 Metaspace       used 42578K, capacity 43656K, committed 43932K, reserved 1087488K
  class space    used 5605K, capacity 6027K, committed 6124K, reserved 1048576K
}
Event: 4.721 GC heap after
{Heap after GC invocations=13 (full 0):
 garbage-first heap   total 48128K, used 20272K [0x0000000702a00000, 0x0000000800000000)
  region size 1024K, 3 young (3072K), 3 survivors (3072K)
 Metaspace       used 42578K, capacity 43656K, committed 43932K, reserved 1087488K
  class space    used 5605K, capacity 6027K, committed 6124K, reserved 1048576K
}
Event: 4.946 GC heap before
{Heap before GC invocations=13 (full 0):
 garbage-first heap   total 48128K, used 35632K [0x0000000702a00000, 0x0000000800000000)
  region size 1024K, 19 young (19456K), 3 survivors (3072K)
 Metaspace       used 45012K, capacity 46156K, committed 46236K, reserved 1089536K
  class space    used 5923K, capacity 6367K, committed 6380K, reserved 1048576K
}
Event: 4.950 GC heap after
{Heap after GC invocations=14 (full 0):
 garbage-first heap   total 154624K, used 21141K [0x0000000702a00000, 0x0000000800000000)
  region size 1024K, 2 young (2048K), 2 survivors (2048K)
 Metaspace       used 45012K, capacity 46156K, committed 46236K, reserved 1089536K
  class space    used 5923K, capacity 6367K, committed 6380K, reserved 1048576K
}

